app/build/outputs/logs/manifest-merger-debug-report.txt
-- Merging decision tree log ---
manifest
ADDED from src\main\AndroidManifest.xml:2:1-93:12
	package
		ADDED from src\main\AndroidManifest.xml:3:5-56
		INJECTED from src\main\AndroidManifest.xml
		INJECTED from src\main\AndroidManifest.xml
	android:versionName
		ADDED from src\main\AndroidManifest.xml:5:5-30
		INJECTED from src\main\AndroidManifest.xml
		INJECTED from src\main\AndroidManifest.xml
	android:versionCode
		ADDED from src\main\AndroidManifest.xml:4:5-28
		INJECTED from src\main\AndroidManifest.xml
		INJECTED from src\main\AndroidManifest.xml
	xmlns:android
		ADDED from src\main\AndroidManifest.xml:2:11-69
uses-sdk
ADDED from src\main\AndroidManifest.xml:7:5-9:41
MERGED from [com.google.android.gms:play-services:8.1.0] AndroidManifest.xml:18:5-42
MERGED from [com.google.android.gms:play-services-appinvite:8.1.0] AndroidManifest.xml:18:5-42
MERGED from [com.google.android.gms:play-services-appstate:8.1.0] AndroidManifest.xml:18:5-42
MERGED from [com.google.android.gms:play-services-cast:8.1.0] AndroidManifest.xml:18:5-42
MERGED from [com.android.support:mediarouter-v7:22.2.0] AndroidManifest.xml:20:5-43
MERGED from [com.google.android.gms:play-services-fitness:8.1.0] AndroidManifest.xml:18:5-42
MERGED from [com.google.android.gms:play-services-games:8.1.0] AndroidManifest.xml:18:5-42
MERGED from [com.google.android.gms:play-services-drive:8.1.0] AndroidManifest.xml:18:5-42
MERGED from [com.google.android.gms:play-services-gcm:8.1.0] AndroidManifest.xml:18:5-42
MERGED from [com.google.android.gms:play-services-location:8.1.0] AndroidManifest.xml:18:5-42
MERGED from [com.google.android.gms:play-services-measurement:8.1.0] AndroidManifest.xml:18:5-42
MERGED from [com.google.android.gms:play-services-analytics:8.1.0] AndroidManifest.xml:18:5-42
MERGED from [com.google.android.gms:play-services-ads:8.1.0] AndroidManifest.xml:23:5-42
MERGED from [com.google.android.gms:play-services-appindexing:8.1.0] AndroidManifest.xml:18:5-42
MERGED from [com.google.android.gms:play-services-nearby:8.1.0] AndroidManifest.xml:18:5-42
MERGED from [com.google.android.gms:play-services-panorama:8.1.0] AndroidManifest.xml:18:5-42
MERGED from [com.google.android.gms:play-services-plus:8.1.0] AndroidManifest.xml:18:5-42
MERGED from [com.google.android.gms:play-services-safetynet:8.1.0] AndroidManifest.xml:18:5-42
MERGED from [com.google.android.gms:play-services-vision:8.1.0] AndroidManifest.xml:4:5-42
MERGED from [com.google.android.gms:play-services-wallet:8.1.0] AndroidManifest.xml:19:5-42
MERGED from [com.google.android.gms:play-services-identity:8.1.0] AndroidManifest.xml:18:5-42
MERGED from [com.google.android.gms:play-services-maps:8.1.0] AndroidManifest.xml:27:5-42
MERGED from [com.google.android.gms:play-services-wearable:8.1.0] AndroidManifest.xml:18:5-42
MERGED from [com.google.android.gms:play-services-base:8.1.0] AndroidManifest.xml:18:5-42
MERGED from [com.google.android.gms:play-services-basement:8.1.0] AndroidManifest.xml:18:5-42
MERGED from [com.android.support:design:25.1.0] AndroidManifest.xml:21:5-23:62
MERGED from [com.android.support:appcompat-v7:25.1.0] AndroidManifest.xml:21:5-23:78
MERGED from [com.android.support:animated-vector-drawable:25.1.0] AndroidManifest.xml:20:5-44
MERGED from [com.android.support:support-vector-drawable:25.1.0] AndroidManifest.xml:21:5-43
MERGED from [com.android.support:recyclerview-v7:25.1.0] AndroidManifest.xml:20:5-43
MERGED from [com.android.support:transition:25.1.0] AndroidManifest.xml:20:5-44
MERGED from [com.android.support:support-v4:25.1.0] AndroidManifest.xml:21:5-23:54
MERGED from [com.android.support:support-fragment:25.1.0] AndroidManifest.xml:21:5-23:60
MERGED from [com.android.support:support-media-compat:25.1.0] AndroidManifest.xml:21:5-23:63
MERGED from [com.android.support:support-core-ui:25.1.0] AndroidManifest.xml:21:5-23:58
MERGED from [com.android.support:support-core-utils:25.1.0] AndroidManifest.xml:21:5-23:61
MERGED from [com.android.support:support-compat:25.1.0] AndroidManifest.xml:21:5-23:58
MERGED from [SensorManagerBasicExample:SensorManager-master:unspecified] AndroidManifest.xml:28:5-30:41
	tools:overrideLibrary
		ADDED from [com.android.support:design:25.1.0] AndroidManifest.xml:23:9-59
	android:targetSdkVersion
		ADDED from src\main\AndroidManifest.xml:9:9-38
		INJECTED from src\main\AndroidManifest.xml
		INJECTED from src\main\AndroidManifest.xml
	android:minSdkVersion
		ADDED from src\main\AndroidManifest.xml:8:9-35
		INJECTED from src\main\AndroidManifest.xml
		INJECTED from src\main\AndroidManifest.xml
uses-permission#android.permission.ACCESS_COARSE_LOCATION
ADDED from src\main\AndroidManifest.xml:12:5-81
MERGED from [SensorManagerBasicExample:SensorManager-master:unspecified] AndroidManifest.xml:32:5-81
	android:name
		ADDED from src\main\AndroidManifest.xml:12:22-78
uses-permission#android.permission.ACCESS_FINE_LOCATION
ADDED from src\main\AndroidManifest.xml:13:5-79
MERGED from [SensorManagerBasicExample:SensorManager-master:unspecified] AndroidManifest.xml:33:5-79
	android:name
		ADDED from src\main\AndroidManifest.xml:13:22-76
uses-permission#android.permission.ACCESS_NETWORK_STATE
ADDED from src\main\AndroidManifest.xml:14:5-79
MERGED from [com.google.android.gms:play-services-measurement:8.1.0] AndroidManifest.xml:22:5-79
MERGED from [com.google.android.gms:play-services-analytics:8.1.0] AndroidManifest.xml:22:5-79
MERGED from [com.google.android.gms:play-services-ads:8.1.0] AndroidManifest.xml:21:5-78
MERGED from [com.google.android.gms:play-services-nearby:8.1.0] AndroidManifest.xml:19:5-79
MERGED from [com.google.android.gms:play-services-maps:8.1.0] AndroidManifest.xml:20:5-78
MERGED from [SensorManagerBasicExample:SensorManager-master:unspecified] AndroidManifest.xml:34:5-79
	android:name
		ADDED from src\main\AndroidManifest.xml:14:22-76
uses-permission#android.permission.ACCESS_WIFI_STATE
ADDED from src\main\AndroidManifest.xml:15:5-76
MERGED from [SensorManagerBasicExample:SensorManager-master:unspecified] AndroidManifest.xml:35:5-76
	android:name
		ADDED from src\main\AndroidManifest.xml:15:22-73
uses-permission#android.permission.BLUETOOTH
ADDED from src\main\AndroidManifest.xml:16:5-68
MERGED from [SensorManagerBasicExample:SensorManager-master:unspecified] AndroidManifest.xml:37:5-68
	android:name
		ADDED from src\main\AndroidManifest.xml:16:22-65
uses-permission#android.permission.BLUETOOTH_ADMIN
ADDED from src\main\AndroidManifest.xml:17:5-74
MERGED from [SensorManagerBasicExample:SensorManager-master:unspecified] AndroidManifest.xml:38:5-74
	android:name
		ADDED from src\main\AndroidManifest.xml:17:22-71
uses-permission#android.permission.CAMERA
ADDED from src\main\AndroidManifest.xml:18:5-65
	android:name
		ADDED from src\main\AndroidManifest.xml:18:22-62
uses-permission#android.permission.WRITE_EXTERNAL_STORAGE
ADDED from src\main\AndroidManifest.xml:19:5-81
MERGED from [com.google.android.gms:play-services-maps:8.1.0] AndroidManifest.xml:22:5-80
MERGED from [SensorManagerBasicExample:SensorManager-master:unspecified] AndroidManifest.xml:50:5-81
	android:name
		ADDED from src\main\AndroidManifest.xml:19:22-78
uses-permission#android.permission.INTERNET
ADDED from src\main\AndroidManifest.xml:20:5-67
MERGED from [com.google.android.gms:play-services-appinvite:8.1.0] AndroidManifest.xml:19:5-67
MERGED from [com.google.android.gms:play-services-gcm:8.1.0] AndroidManifest.xml:22:5-67
MERGED from [com.google.android.gms:play-services-measurement:8.1.0] AndroidManifest.xml:21:5-67
MERGED from [com.google.android.gms:play-services-analytics:8.1.0] AndroidManifest.xml:21:5-67
MERGED from [com.google.android.gms:play-services-ads:8.1.0] AndroidManifest.xml:20:5-66
MERGED from [com.google.android.gms:play-services-wallet:8.1.0] AndroidManifest.xml:20:5-66
MERGED from [com.google.android.gms:play-services-maps:8.1.0] AndroidManifest.xml:21:5-66
MERGED from [SensorManagerBasicExample:SensorManager-master:unspecified] AndroidManifest.xml:40:5-67
	android:name
		ADDED from src\main\AndroidManifest.xml:20:22-64
uses-permission#android.permission.READ_EXTERNAL_STORAGE
ADDED from src\main\AndroidManifest.xml:24:5-79
	android:name
		ADDED from src\main\AndroidManifest.xml:24:22-77
uses-permission#android.permission.READ_PHONE_STATE
ADDED from src\main\AndroidManifest.xml:25:5-75
MERGED from [SensorManagerBasicExample:SensorManager-master:unspecified] AndroidManifest.xml:42:5-75
	android:name
		ADDED from src\main\AndroidManifest.xml:25:22-72
uses-permission#android.permission.CHANGE_WIFI_STATE
ADDED from src\main\AndroidManifest.xml:26:5-76
MERGED from [SensorManagerBasicExample:SensorManager-master:unspecified] AndroidManifest.xml:39:5-76
	android:name
		ADDED from src\main\AndroidManifest.xml:26:22-73
uses-permission#android.permission.PROCESS_OUTGOING_CALLS
ADDED from src\main\AndroidManifest.xml:28:5-81
MERGED from [SensorManagerBasicExample:SensorManager-master:unspecified] AndroidManifest.xml:41:5-81
	android:name
		ADDED from src\main\AndroidManifest.xml:28:22-78
uses-permission#android.permission.RECORD_AUDIO
ADDED from src\main\AndroidManifest.xml:30:5-71
MERGED from [SensorManagerBasicExample:SensorManager-master:unspecified] AndroidManifest.xml:44:5-71
	android:name
		ADDED from src\main\AndroidManifest.xml:30:22-68
uses-permission#android.permission.GET_TASKS
ADDED from src\main\AndroidManifest.xml:31:5-68
MERGED from [SensorManagerBasicExample:SensorManager-master:unspecified] AndroidManifest.xml:49:5-68
	android:name
		ADDED from src\main\AndroidManifest.xml:31:22-65
uses-feature#android.hardware.sensor.accelerometer
ADDED from src\main\AndroidManifest.xml:41:85-43:35
MERGED from [SensorManagerBasicExample:SensorManager-master:unspecified] AndroidManifest.xml:52:5-54:35
	android:required
		ADDED from src\main\AndroidManifest.xml:43:9-32
	android:name
		ADDED from src\main\AndroidManifest.xml:42:9-61
uses-feature#android.hardware.sensor.gyroscope
ADDED from src\main\AndroidManifest.xml:44:5-46:35
MERGED from [SensorManagerBasicExample:SensorManager-master:unspecified] AndroidManifest.xml:55:5-57:35
	android:required
		ADDED from src\main\AndroidManifest.xml:46:9-32
	android:name
		ADDED from src\main\AndroidManifest.xml:45:9-57
uses-feature#android.hardware.camera
ADDED from src\main\AndroidManifest.xml:47:5-49:35
MERGED from [SensorManagerBasicExample:SensorManager-master:unspecified] AndroidManifest.xml:58:5-60:36
	android:required
		ADDED from src\main\AndroidManifest.xml:49:9-32
	android:name
		ADDED from src\main\AndroidManifest.xml:48:9-47
uses-feature#android.hardware.camera.autofocus
ADDED from src\main\AndroidManifest.xml:50:5-52:35
	android:required
		ADDED from src\main\AndroidManifest.xml:52:9-32
	android:name
		ADDED from src\main\AndroidManifest.xml:51:9-57
uses-permission#android.permission.BATTERY_STATS
ADDED from src\main\AndroidManifest.xml:55:5-72
MERGED from [SensorManagerBasicExample:SensorManager-master:unspecified] AndroidManifest.xml:36:5-72
	android:name
		ADDED from src\main\AndroidManifest.xml:55:22-69
uses-permission#android.permission.RECEIVE_SMS
ADDED from src\main\AndroidManifest.xml:56:5-70
MERGED from [SensorManagerBasicExample:SensorManager-master:unspecified] AndroidManifest.xml:46:5-70
	android:name
		ADDED from src\main\AndroidManifest.xml:56:22-67
uses-permission#android.permission.READ_SMS
ADDED from src\main\AndroidManifest.xml:57:5-67
MERGED from [SensorManagerBasicExample:SensorManager-master:unspecified] AndroidManifest.xml:47:5-67
	android:name
		ADDED from src\main\AndroidManifest.xml:57:22-64
uses-permission#android.permission.READ_CALL_LOG
ADDED from src\main\AndroidManifest.xml:58:5-72
MERGED from [SensorManagerBasicExample:SensorManager-master:unspecified] AndroidManifest.xml:48:5-72
	android:name
		ADDED from src\main\AndroidManifest.xml:58:22-69
uses-permission#com.google.android.gms.permission.ACTIVITY_RECOGNITION
ADDED from src\main\AndroidManifest.xml:59:5-94
	android:name
		ADDED from src\main\AndroidManifest.xml:59:22-91
uses-feature#android.hardware.sensor.light
ADDED from src\main\AndroidManifest.xml:61:5-63:36
	android:required
		ADDED from src\main\AndroidManifest.xml:63:9-33
	android:name
		ADDED from src\main\AndroidManifest.xml:62:9-53
application
ADDED from src\main\AndroidManifest.xml:65:5-90:19
MERGED from [com.google.android.gms:play-services:8.1.0] AndroidManifest.xml:19:5-20
MERGED from [com.google.android.gms:play-services-appinvite:8.1.0] AndroidManifest.xml:20:5-20
MERGED from [com.google.android.gms:play-services-appstate:8.1.0] AndroidManifest.xml:19:5-20
MERGED from [com.google.android.gms:play-services-cast:8.1.0] AndroidManifest.xml:19:5-20
MERGED from [com.android.support:mediarouter-v7:22.2.0] AndroidManifest.xml:22:5-20
MERGED from [com.google.android.gms:play-services-fitness:8.1.0] AndroidManifest.xml:19:5-20
MERGED from [com.google.android.gms:play-services-games:8.1.0] AndroidManifest.xml:19:5-20
MERGED from [com.google.android.gms:play-services-drive:8.1.0] AndroidManifest.xml:19:5-20
MERGED from [com.google.android.gms:play-services-gcm:8.1.0] AndroidManifest.xml:24:5-20
MERGED from [com.google.android.gms:play-services-location:8.1.0] AndroidManifest.xml:19:5-20
MERGED from [com.google.android.gms:play-services-measurement:8.1.0] AndroidManifest.xml:26:5-46:19
MERGED from [com.google.android.gms:play-services-analytics:8.1.0] AndroidManifest.xml:24:5-20
MERGED from [com.google.android.gms:play-services-ads:8.1.0] AndroidManifest.xml:24:5-32:19
MERGED from [com.google.android.gms:play-services-appindexing:8.1.0] AndroidManifest.xml:19:5-20
MERGED from [com.google.android.gms:play-services-nearby:8.1.0] AndroidManifest.xml:20:5-20
MERGED from [com.google.android.gms:play-services-panorama:8.1.0] AndroidManifest.xml:19:5-20
MERGED from [com.google.android.gms:play-services-plus:8.1.0] AndroidManifest.xml:19:5-20
MERGED from [com.google.android.gms:play-services-safetynet:8.1.0] AndroidManifest.xml:19:5-20
MERGED from [com.google.android.gms:play-services-vision:8.1.0] AndroidManifest.xml:5:5-20
MERGED from [com.google.android.gms:play-services-identity:8.1.0] AndroidManifest.xml:19:5-20
MERGED from [com.google.android.gms:play-services-maps:8.1.0] AndroidManifest.xml:28:5-20
MERGED from [com.google.android.gms:play-services-wearable:8.1.0] AndroidManifest.xml:19:5-20
MERGED from [com.google.android.gms:play-services-basement:8.1.0] AndroidManifest.xml:20:5-24:19
MERGED from [com.android.support:design:25.1.0] AndroidManifest.xml:25:5-20
MERGED from [com.android.support:appcompat-v7:25.1.0] AndroidManifest.xml:25:5-20
MERGED from [com.android.support:animated-vector-drawable:25.1.0] AndroidManifest.xml:22:5-20
MERGED from [com.android.support:support-vector-drawable:25.1.0] AndroidManifest.xml:23:5-20
MERGED from [com.android.support:transition:25.1.0] AndroidManifest.xml:22:5-20
MERGED from [com.android.support:support-v4:25.1.0] AndroidManifest.xml:25:5-20
MERGED from [com.android.support:support-fragment:25.1.0] AndroidManifest.xml:25:5-20
MERGED from [com.android.support:support-media-compat:25.1.0] AndroidManifest.xml:25:5-20
MERGED from [com.android.support:support-core-ui:25.1.0] AndroidManifest.xml:25:5-20
MERGED from [com.android.support:support-core-utils:25.1.0] AndroidManifest.xml:25:5-20
MERGED from [com.android.support:support-compat:25.1.0] AndroidManifest.xml:25:5-20
MERGED from [SensorManagerBasicExample:SensorManager-master:unspecified] AndroidManifest.xml:62:5-20
	android:label
		ADDED from src\main\AndroidManifest.xml:68:9-41
	android:allowBackup
		ADDED from src\main\AndroidManifest.xml:66:9-35
	android:icon
		ADDED from src\main\AndroidManifest.xml:67:9-45
	android:theme
		ADDED from src\main\AndroidManifest.xml:69:9-53
meta-data#com.google.android.gms.version
ADDED from src\main\AndroidManifest.xml:70:9-72:69
MERGED from [com.google.android.gms:play-services-basement:8.1.0] AndroidManifest.xml:21:9-23:69
	android:value
		ADDED from src\main\AndroidManifest.xml:72:13-66
	android:name
		ADDED from src\main\AndroidManifest.xml:71:13-58
activity#com.google.android.gms.location.sample.activityrecognition.MainActivity
ADDED from src\main\AndroidManifest.xml:74:9-82:20
	android:label
		ADDED from src\main\AndroidManifest.xml:76:13-45
	android:name
		ADDED from src\main\AndroidManifest.xml:75:13-99
intent-filter#android.intent.action.MAIN+android.intent.category.LAUNCHER
ADDED from src\main\AndroidManifest.xml:77:13-81:29
action#android.intent.action.MAIN
ADDED from src\main\AndroidManifest.xml:78:17-69
	android:name
		ADDED from src\main\AndroidManifest.xml:78:25-66
category#android.intent.category.LAUNCHER
ADDED from src\main\AndroidManifest.xml:80:17-77
	android:name
		ADDED from src\main\AndroidManifest.xml:80:27-74
service#com.google.android.gms.location.sample.activityrecognition.DetectedActivitiesIntentService
ADDED from src\main\AndroidManifest.xml:83:9-86:40
	android:enabled
		ADDED from src\main\AndroidManifest.xml:84:13-35
	android:exported
		ADDED from src\main\AndroidManifest.xml:86:13-37
	android:name
		ADDED from src\main\AndroidManifest.xml:85:13-118
service#com.tutorial.UpdateService
ADDED from src\main\AndroidManifest.xml:87:9-61
	android:name
		ADDED from src\main\AndroidManifest.xml:87:18-59
service#com.tutorial.MyService
ADDED from src\main\AndroidManifest.xml:88:9-58
	android:name
		ADDED from src\main\AndroidManifest.xml:88:18-55
uses-permission#com.google.android.c2dm.permission.RECEIVE
ADDED from [com.google.android.gms:play-services-gcm:8.1.0] AndroidManifest.xml:21:5-82
	android:name
		ADDED from [com.google.android.gms:play-services-gcm:8.1.0] AndroidManifest.xml:21:22-79
uses-permission#android.permission.WAKE_LOCK
ADDED from [com.google.android.gms:play-services-measurement:8.1.0] AndroidManifest.xml:24:5-67
	android:name
		ADDED from [com.google.android.gms:play-services-measurement:8.1.0] AndroidManifest.xml:24:22-65
provider#com.google.android.gms.measurement.AppMeasurementContentProvider
ADDED from [com.google.android.gms:play-services-measurement:8.1.0] AndroidManifest.xml:28:7-31:37
	android:authorities
		ADDED from [com.google.android.gms:play-services-measurement:8.1.0] AndroidManifest.xml:29:11-76
	android:exported
		ADDED from [com.google.android.gms:play-services-measurement:8.1.0] AndroidManifest.xml:31:11-35
	android:name
		ADDED from [com.google.android.gms:play-services-measurement:8.1.0] AndroidManifest.xml:30:11-90
receiver#com.google.android.gms.measurement.AppMeasurementReceiver
ADDED from [com.google.android.gms:play-services-measurement:8.1.0] AndroidManifest.xml:33:7-39:18
	android:enabled
		ADDED from [com.google.android.gms:play-services-measurement:8.1.0] AndroidManifest.xml:35:11-33
	android:name
		ADDED from [com.google.android.gms:play-services-measurement:8.1.0] AndroidManifest.xml:34:11-83
intent-filter#com.google.android.gms.measurement.UPLOAD
ADDED from [com.google.android.gms:play-services-measurement:8.1.0] AndroidManifest.xml:36:9-38:25
action#com.google.android.gms.measurement.UPLOAD
ADDED from [com.google.android.gms:play-services-measurement:8.1.0] AndroidManifest.xml:37:11-77
	android:name
		ADDED from [com.google.android.gms:play-services-measurement:8.1.0] AndroidManifest.xml:37:19-75
service#com.google.android.gms.measurement.AppMeasurementService
ADDED from [com.google.android.gms:play-services-measurement:8.1.0] AndroidManifest.xml:41:7-44:37
	android:enabled
		ADDED from [com.google.android.gms:play-services-measurement:8.1.0] AndroidManifest.xml:43:11-33
	android:exported
		ADDED from [com.google.android.gms:play-services-measurement:8.1.0] AndroidManifest.xml:44:11-35
	android:name
		ADDED from [com.google.android.gms:play-services-measurement:8.1.0] AndroidManifest.xml:42:11-82
activity#com.google.android.gms.ads.AdActivity
ADDED from [com.google.android.gms:play-services-ads:8.1.0] AndroidManifest.xml:26:9-29:64
	android:configChanges
		ADDED from [com.google.android.gms:play-services-ads:8.1.0] AndroidManifest.xml:28:13-122
	android:theme
		ADDED from [com.google.android.gms:play-services-ads:8.1.0] AndroidManifest.xml:29:13-61
	android:name
		ADDED from [com.google.android.gms:play-services-ads:8.1.0] AndroidManifest.xml:27:13-65
activity#com.google.android.gms.ads.purchase.InAppPurchaseActivity
ADDED from [com.google.android.gms:play-services-ads:8.1.0] AndroidManifest.xml:30:9-31:52
	android:theme
		ADDED from [com.google.android.gms:play-services-ads:8.1.0] AndroidManifest.xml:31:13-50
	android:name
		ADDED from [com.google.android.gms:play-services-ads:8.1.0] AndroidManifest.xml:30:19-91
uses-permission#android.permission.GET_ACCOUNTS
ADDED from [com.google.android.gms:play-services-wallet:8.1.0] AndroidManifest.xml:21:5-70
	android:name
		ADDED from [com.google.android.gms:play-services-wallet:8.1.0] AndroidManifest.xml:21:22-68
uses-permission#android.permission.USE_CREDENTIALS
ADDED from [com.google.android.gms:play-services-wallet:8.1.0] AndroidManifest.xml:22:5-73
	android:name
		ADDED from [com.google.android.gms:play-services-wallet:8.1.0] AndroidManifest.xml:22:22-71
uses-feature#0x00020000
ADDED from [com.google.android.gms:play-services-maps:8.1.0] AndroidManifest.xml:23:5-25:33
	android:glEsVersion
		ADDED from [com.google.android.gms:play-services-maps:8.1.0] AndroidManifest.xml:24:8-40
	android:required
		ADDED from [com.google.android.gms:play-services-maps:8.1.0] AndroidManifest.xml:25:8-31
uses-permission#android.permission.RECEIVE_BOOT_COMPLETED
ADDED from [SensorManagerBasicExample:SensorManager-master:unspecified] AndroidManifest.xml:43:5-81
	android:name
		ADDED from [SensorManagerBasicExample:SensorManager-master:unspecified] AndroidManifest.xml:43:22-78
uses-permission#android.permission.UPDATE_DEVICE_STATS
ADDED from [SensorManagerBasicExample:SensorManager-master:unspecified] AndroidManifest.xml:45:5-78
	android:name
		ADDED from [SensorManagerBasicExample:SensorManager-master:unspecified] AndroidManifest.xml:45:22-75